2025-09-04 05:30:38,042 - backend - INFO - Resume Analyzer initialized successfully
2025-09-04 05:30:38,046 - backend - INFO - Running sample analysis
2025-09-04 05:30:38,047 - backend - INFO - Starting analysis of resume text
2025-09-04 05:30:38,138 - backend - INFO - Resume text analysis completed successfully
2025-09-04 05:30:39,873 - numexpr.utils - INFO - NumExpr defaulting to 8 threads.
2025-09-04 05:31:04,576 - backend - INFO - Resume Analyzer initialized successfully
2025-09-04 05:31:04,579 - backend - INFO - Running sample analysis
2025-09-04 05:31:04,580 - backend - INFO - Starting analysis of resume text
2025-09-04 05:31:04,647 - backend - INFO - Resume text analysis completed successfully
2025-09-04 05:31:05,632 - numexpr.utils - INFO - NumExpr defaulting to 8 threads.
2025-09-04 05:33:01,930 - backend - INFO - Resume Analyzer initialized successfully
2025-09-04 05:33:01,937 - backend - INFO - Running sample analysis
2025-09-04 05:33:01,937 - backend - INFO - Starting analysis of resume text
2025-09-04 05:33:02,054 - backend - INFO - Resume text analysis completed successfully
2025-09-04 05:33:04,849 - numexpr.utils - INFO - NumExpr defaulting to 8 threads.
2025-09-04 05:38:37,416 - backend - INFO - Resume Analyzer initialized successfully
2025-09-04 05:38:37,419 - backend - INFO - Running sample analysis
2025-09-04 05:38:37,420 - backend - INFO - Starting analysis of resume text
2025-09-04 05:38:37,508 - backend - INFO - Resume text analysis completed successfully
2025-09-04 05:38:39,381 - numexpr.utils - INFO - NumExpr defaulting to 8 threads.
2025-09-04 05:43:24,699 - backend - INFO - Resume Analyzer initialized successfully
2025-09-04 05:43:24,703 - backend - INFO - Running sample analysis
2025-09-04 05:43:24,704 - backend - INFO - Starting analysis of resume text
2025-09-04 05:43:24,849 - backend - INFO - Resume text analysis completed successfully
2025-09-04 05:43:27,034 - numexpr.utils - INFO - NumExpr defaulting to 8 threads.
2025-09-04 05:46:46,731 - backend - INFO - Resume Analyzer initialized successfully
2025-09-04 05:46:46,732 - backend - INFO - Starting analysis of file: C:\Users\Momo\AppData\Local\Temp\tmp778qr72f.txt
2025-09-04 05:46:46,864 - backend - INFO - Resume analysis completed successfully
